<?xml version="1.0" encoding="UTF-8"?>
<!-- Generated by org.testng.reporters.JUnitReportReporter -->
<testsuite skipped="0" hostname="DESKTOP-3SCMDIA" name="USER_SPACE.TestScripts.M1.TC_CreateLead" tests="3" failures="0" timestamp="19 Apr 2018 12:29:59 GMT" time="211.992" errors="0">
  <testcase name="MyTestScenario" time="68.781" classname="USER_SPACE.TestScripts.M1.TC_CreateLead"/>
  <testcase name="MyTestScenario" time="72.437" classname="USER_SPACE.TestScripts.M1.TC_CreateLead"/>
  <testcase name="MyTestScenario" time="70.774" classname="USER_SPACE.TestScripts.M1.TC_CreateLead"/>
</testsuite> <!-- USER_SPACE.TestScripts.M1.TC_CreateLead -->
