<?xml version="1.0" encoding="UTF-8"?>
<!-- Generated by org.testng.reporters.JUnitReportReporter -->
<testsuite skipped="0" hostname="DESKTOP-3SCMDIA" name="USER_SPACE.TestScripts.M1.TC03" tests="1" failures="0" timestamp="23 Mar 2018 07:47:38 GMT" time="32.649" errors="0">
  <testcase name="MyTestScenario" time="32.649" classname="USER_SPACE.TestScripts.M1.TC03"/>
</testsuite> <!-- USER_SPACE.TestScripts.M1.TC03 -->
