<?xml version="1.0" encoding="UTF-8"?>
<!-- Generated by org.testng.reporters.JUnitReportReporter -->
<testsuite skipped="0" hostname="DESKTOP-3SCMDIA" name="USER_SPACE.TestScripts.M1.TC_CreateOpportunity" tests="3" failures="0" timestamp="26 Mar 2018 05:27:06 GMT" time="106.904" errors="0">
  <testcase name="MyTestScenario" time="29.134" classname="USER_SPACE.TestScripts.M1.TC_CreateOpportunity"/>
  <testcase name="MyTestScenario" time="45.259" classname="USER_SPACE.TestScripts.M1.TC_CreateOpportunity"/>
  <testcase name="MyTestScenario" time="32.511" classname="USER_SPACE.TestScripts.M1.TC_CreateOpportunity"/>
</testsuite> <!-- USER_SPACE.TestScripts.M1.TC_CreateOpportunity -->
