<?xml version="1.0" encoding="UTF-8"?>
<!-- Generated by org.testng.reporters.JUnitReportReporter -->
<testsuite skipped="0" hostname="DESKTOP-3SCMDIA" name="USER_SPACE.TestScripts.M1.TC02" tests="3" failures="0" timestamp="17 Mar 2018 15:06:59 GMT" time="171.090" errors="0">
  <testcase name="MyTestScenario" time="32.943" classname="USER_SPACE.TestScripts.M1.TC02"/>
  <testcase name="MyTestScenario" time="111.503" classname="USER_SPACE.TestScripts.M1.TC02"/>
  <testcase name="MyTestScenario" time="26.644" classname="USER_SPACE.TestScripts.M1.TC02"/>
</testsuite> <!-- USER_SPACE.TestScripts.M1.TC02 -->
