<?xml version="1.0" encoding="UTF-8"?>
<!-- Generated by org.testng.reporters.JUnitReportReporter -->
<testsuite skipped="0" hostname="DESKTOP-3SCMDIA" name="USER_SPACE.TestScripts.Suite1" tests="3" failures="0" timestamp="20 Feb 2018 16:24:13 GMT" time="48.781" errors="0">
  <testcase name="suite" time="15.818" classname="USER_SPACE.TestScripts.Suite1"/>
  <testcase name="suite" time="22.485" classname="USER_SPACE.TestScripts.Suite1"/>
  <testcase name="suite" time="10.478" classname="USER_SPACE.TestScripts.Suite1"/>
</testsuite> <!-- USER_SPACE.TestScripts.Suite1 -->
