<?xml version="1.0" encoding="UTF-8"?>
<!-- Generated by org.testng.reporters.JUnitReportReporter -->
<testsuite skipped="0" hostname="DESKTOP-3SCMDIA" name="USER_SPACE.TestScripts.M1.TC_CreateLead" tests="3" failures="0" timestamp="26 Mar 2018 05:27:06 GMT" time="133.089" errors="0">
  <testcase name="MyTestScenario" time="46.755" classname="USER_SPACE.TestScripts.M1.TC_CreateLead"/>
  <testcase name="MyTestScenario" time="36.740" classname="USER_SPACE.TestScripts.M1.TC_CreateLead"/>
  <testcase name="MyTestScenario" time="49.594" classname="USER_SPACE.TestScripts.M1.TC_CreateLead"/>
</testsuite> <!-- USER_SPACE.TestScripts.M1.TC_CreateLead -->
