<?xml version="1.0" encoding="UTF-8"?>
<!-- Generated by org.testng.reporters.JUnitReportReporter -->
<testsuite skipped="0" hostname="DESKTOP-3SCMDIA" name="USER_SPACE.TestScripts.M1.TC_ConvertLead" tests="3" failures="0" timestamp="19 Apr 2018 12:29:59 GMT" time="83.475" errors="0">
  <testcase name="MyTestScenario" time="26.208" classname="USER_SPACE.TestScripts.M1.TC_ConvertLead"/>
  <testcase name="MyTestScenario" time="27.052" classname="USER_SPACE.TestScripts.M1.TC_ConvertLead"/>
  <testcase name="MyTestScenario" time="30.215" classname="USER_SPACE.TestScripts.M1.TC_ConvertLead"/>
</testsuite> <!-- USER_SPACE.TestScripts.M1.TC_ConvertLead -->
