<?xml version="1.0" encoding="UTF-8"?>
<!-- Generated by org.testng.reporters.JUnitReportReporter -->
<testsuite skipped="0" hostname="DESKTOP-3SCMDIA" name="USER_SPACE.TestScripts.Suite2" tests="3" failures="0" timestamp="20 Feb 2018 16:24:13 GMT" time="52.247" errors="0">
  <testcase name="suite" time="16.291" classname="USER_SPACE.TestScripts.Suite2"/>
  <testcase name="suite" time="24.148" classname="USER_SPACE.TestScripts.Suite2"/>
  <testcase name="suite" time="11.808" classname="USER_SPACE.TestScripts.Suite2"/>
</testsuite> <!-- USER_SPACE.TestScripts.Suite2 -->
