<?xml version="1.0" encoding="UTF-8"?>
<!-- Generated by org.testng.reporters.JUnitReportReporter -->
<testsuite skipped="0" hostname="DESKTOP-3SCMDIA" name="USER_SPACE.TestScripts.M1.TC03" tests="3" failures="0" timestamp="17 Mar 2018 15:06:58 GMT" time="170.321" errors="0">
  <testcase name="MyTestScenario" time="32.456" classname="USER_SPACE.TestScripts.M1.TC03"/>
  <testcase name="MyTestScenario" time="26.179" classname="USER_SPACE.TestScripts.M1.TC03"/>
  <testcase name="MyTestScenario" time="111.686" classname="USER_SPACE.TestScripts.M1.TC03"/>
</testsuite> <!-- USER_SPACE.TestScripts.M1.TC03 -->
