<?xml version="1.0" encoding="UTF-8"?>
<!-- Generated by org.testng.reporters.JUnitReportReporter -->
<testsuite skipped="0" hostname="DESKTOP-3SCMDIA" name="USER_SPACE.TestScripts.M1.TC_CreateAccount" tests="3" failures="0" timestamp="26 Mar 2018 05:27:06 GMT" time="126.894" errors="0">
  <testcase name="MyTestScenario" time="40.024" classname="USER_SPACE.TestScripts.M1.TC_CreateAccount"/>
  <testcase name="MyTestScenario" time="46.567" classname="USER_SPACE.TestScripts.M1.TC_CreateAccount"/>
  <testcase name="MyTestScenario" time="40.303" classname="USER_SPACE.TestScripts.M1.TC_CreateAccount"/>
</testsuite> <!-- USER_SPACE.TestScripts.M1.TC_CreateAccount -->
