<?xml version="1.0" encoding="UTF-8"?>
<!-- Generated by org.testng.reporters.JUnitReportReporter -->
<testsuite skipped="0" hostname="DESKTOP-3SCMDIA" name="Cognizant.Salesforce.Next.NewTest" tests="3" failures="0" timestamp="20 Feb 2018 04:53:28 GMT" time="43.813" errors="0">
  <testcase name="executSessionThree" time="15.062" classname="Cognizant.Salesforce.Next.NewTest"/>
  <testcase name="executSessionOne" time="14.434" classname="Cognizant.Salesforce.Next.NewTest"/>
  <testcase name="executeSessionTwo" time="14.317" classname="Cognizant.Salesforce.Next.NewTest"/>
</testsuite> <!-- Cognizant.Salesforce.Next.NewTest -->
