<?xml version="1.0" encoding="UTF-8"?>
<!-- Generated by org.testng.reporters.JUnitReportReporter -->
<testsuite skipped="0" hostname="DESKTOP-3SCMDIA" name="USER_SPACE.TestScripts.M1.TC01" tests="3" failures="0" timestamp="17 Mar 2018 15:06:59 GMT" time="170.577" errors="0">
  <testcase name="MyTestScenario" time="25.243" classname="USER_SPACE.TestScripts.M1.TC01"/>
  <testcase name="MyTestScenario" time="112.512" classname="USER_SPACE.TestScripts.M1.TC01"/>
  <testcase name="MyTestScenario" time="32.822" classname="USER_SPACE.TestScripts.M1.TC01"/>
</testsuite> <!-- USER_SPACE.TestScripts.M1.TC01 -->
