<?xml version="1.0" encoding="UTF-8"?>
<!-- Generated by org.testng.reporters.JUnitReportReporter -->
<testsuite skipped="0" hostname="DESKTOP-3SCMDIA" name="USER_SPACE.TestScripts.M1.TC_CreateLead" tests="1" failures="0" timestamp="06 Apr 2018 17:48:05 GMT" time="131.855" errors="0">
  <testcase name="MyTestScenario" time="131.855" classname="USER_SPACE.TestScripts.M1.TC_CreateLead"/>
</testsuite> <!-- USER_SPACE.TestScripts.M1.TC_CreateLead -->
